#
# There is insufficient memory for the Java Runtime Environment to continue.
# Native memory allocation (malloc) failed to allocate 1048576 bytes for AllocateHeap
# Possible reasons:
#   The system is out of physical RAM or swap space
#   The process is running with CompressedOops enabled, and the Java Heap may be blocking the growth of the native heap
# Possible solutions:
#   Reduce memory load on the system
#   Increase physical memory or swap space
#   Check if swap backing store is full
#   Decrease Java heap size (-Xmx/-Xms)
#   Decrease number of Java threads
#   Decrease Java thread stack sizes (-Xss)
#   Set larger code cache with -XX:ReservedCodeCacheSize=
#   JVM is running with Unscaled Compressed Oops mode in which the Java heap is
#     placed in the first 4GB address space. The Java Heap base address is the
#     maximum limit for the native heap growth. Please use -XX:HeapBaseMinAddress
#     to set the Java Heap base and to place the Java Heap above 4GB virtual address.
# This output file may be truncated or incomplete.
#
#  Out of Memory Error (memory/allocation.inline.hpp:61), pid=22200, tid=0x000000000000460c
#
# JRE version:  (8.0_271-b09) (build )
# Java VM: Java HotSpot(TM) 64-Bit Server VM (25.271-b09 mixed mode windows-amd64 compressed oops)
# Failed to write core dump. Minidumps are not enabled by default on client versions of Windows
#

---------------  T H R E A D  ---------------

Current thread (0x00000209f22a9800):  JavaThread "Unknown thread" [_thread_in_vm, id=17932, stack(0x000000bded000000,0x000000bded100000)]

Stack: [0x000000bded000000,0x000000bded100000]
Native frames: (J=compiled Java code, j=interpreted, Vv=VM code, C=native code)
V  [jvm.dll+0x33f6c9]
V  [jvm.dll+0x286122]
V  [jvm.dll+0x286dcd]
V  [jvm.dll+0x27d805]
V  [jvm.dll+0x1565d]
V  [jvm.dll+0x3d98d8]
V  [jvm.dll+0x3da5ca]
V  [jvm.dll+0x3d6637]
V  [jvm.dll+0x10cfff]
V  [jvm.dll+0x21ab2b]
V  [jvm.dll+0x2494e7]
V  [jvm.dll+0x172a76]
C  [java.exe+0x2312]
C  [java.exe+0x15f54]
C  [KERNEL32.DLL+0x17034]
C  [ntdll.dll+0x52651]


---------------  P R O C E S S  ---------------

Java Threads: ( => current thread )

Other Threads:

=>0x00000209f22a9800 (exited) JavaThread "Unknown thread" [_thread_in_vm, id=17932, stack(0x000000bded000000,0x000000bded100000)]

VM state:not at safepoint (normal execution)

VM Mutex/Monitor currently owned by a thread: None

heap address: 0x00000000fc000000, size: 64 MB, Compressed Oops mode: 32-bit
Narrow klass base: 0x0000000000000000, Narrow klass shift: 3
Compressed class space size: 1073741824 Address: 0x0000000100000000

Heap:
 PSYoungGen      total 18944K, used 327K [0x00000000feb00000, 0x0000000100000000, 0x0000000100000000)
  eden space 16384K, 2% used [0x00000000feb00000,0x00000000feb51ec8,0x00000000ffb00000)
  from space 2560K, 0% used [0x00000000ffd80000,0x00000000ffd80000,0x0000000100000000)
  to   space 2560K, 0% used [0x00000000ffb00000,0x00000000ffb00000,0x00000000ffd80000)
 ParOldGen       total 44032K, used 0K [0x00000000fc000000, 0x00000000feb00000, 0x00000000feb00000)
  object space 44032K, 0% used [0x00000000fc000000,0x00000000fc000000,0x00000000feb00000)
 Metaspace       used 776K, capacity 4480K, committed 4480K, reserved 1056768K
  class space    used 76K, capacity 384K, committed 384K, reserved 1048576K

Card table byte_map: [0x00000209f23d0000,0x00000209f2400000] byte_map_base: 0x00000209f1bf0000

Marking Bits: (ParMarkBitMap*) 0x00000000644e7fe0
 Begin Bits: [0x00000209f3f90000, 0x00000209f4090000)
 End Bits:   [0x00000209f4090000, 0x00000209f4190000)

Polling page: 0x00000209f23a0000

CodeCache: size=245760Kb used=328Kb max_used=328Kb free=245431Kb
 bounds [0x0000020980000000, 0x0000020980270000, 0x000002098f000000]
 total_blobs=58 nmethods=0 adapters=38
 compilation: enabled

Compilation events (0 events):
No events

GC Heap History (0 events):
No events

Deoptimization events (0 events):
No events

Classes redefined (0 events):
No events

Internal exceptions (0 events):
No events

Events (10 events):
Event: 0.029 loading class java/lang/Short
Event: 0.030 loading class java/lang/Short done
Event: 0.030 loading class java/lang/Integer
Event: 0.030 loading class java/lang/Integer done
Event: 0.030 loading class java/lang/Long
Event: 0.030 loading class java/lang/Long done
Event: 0.030 loading class java/lang/NullPointerException
Event: 0.030 loading class java/lang/NullPointerException done
Event: 0.030 loading class java/lang/ArithmeticException
Event: 0.030 loading class java/lang/ArithmeticException done


Dynamic libraries:
0x00007ff6336f0000 - 0x00007ff633737000 	C:\Program Files\Java\jdk1.8.0_271\bin\java.exe
0x00007ff888ed0000 - 0x00007ff8890c5000 	C:\WINDOWS\SYSTEM32\ntdll.dll
0x00007ff888460000 - 0x00007ff88851d000 	C:\WINDOWS\System32\KERNEL32.DLL
0x00007ff886660000 - 0x00007ff886929000 	C:\WINDOWS\System32\KERNELBASE.dll
0x00007ff887010000 - 0x00007ff8870bc000 	C:\WINDOWS\System32\ADVAPI32.dll
0x00007ff888660000 - 0x00007ff8886fe000 	C:\WINDOWS\System32\msvcrt.dll
0x00007ff888890000 - 0x00007ff88892c000 	C:\WINDOWS\System32\sechost.dll
0x00007ff888300000 - 0x00007ff88842b000 	C:\WINDOWS\System32\RPCRT4.dll
0x00007ff8879e0000 - 0x00007ff887b80000 	C:\WINDOWS\System32\USER32.dll
0x00007ff886930000 - 0x00007ff886952000 	C:\WINDOWS\System32\win32u.dll
0x00007ff888430000 - 0x00007ff88845a000 	C:\WINDOWS\System32\GDI32.dll
0x00007ff886960000 - 0x00007ff886a6b000 	C:\WINDOWS\System32\gdi32full.dll
0x00007ff886b20000 - 0x00007ff886bbd000 	C:\WINDOWS\System32\msvcp_win.dll
0x00007ff886bc0000 - 0x00007ff886cc0000 	C:\WINDOWS\System32\ucrtbase.dll
0x00007ff867950000 - 0x00007ff867bea000 	C:\WINDOWS\WinSxS\amd64_microsoft.windows.common-controls_6595b64144ccf1df_6.0.19041.844_none_ca00b6081b84eb1d\COMCTL32.dll
0x00007ff8882d0000 - 0x00007ff888300000 	C:\WINDOWS\System32\IMM32.DLL
0x00007ff87a900000 - 0x00007ff87a915000 	C:\Program Files\Java\jdk1.8.0_271\jre\bin\vcruntime140.dll
0x00007ff866b10000 - 0x00007ff866bab000 	C:\Program Files\Java\jdk1.8.0_271\jre\bin\msvcp140.dll
0x0000000063cf0000 - 0x000000006455f000 	C:\Program Files\Java\jdk1.8.0_271\jre\bin\server\jvm.dll
0x00007ff888a10000 - 0x00007ff888a18000 	C:\WINDOWS\System32\PSAPI.DLL
0x00007ff8663e0000 - 0x00007ff866407000 	C:\WINDOWS\SYSTEM32\WINMM.dll
0x00007ff87c720000 - 0x00007ff87c729000 	C:\WINDOWS\SYSTEM32\WSOCK32.dll
0x00007ff877790000 - 0x00007ff87779a000 	C:\WINDOWS\SYSTEM32\VERSION.dll
0x00007ff8889a0000 - 0x00007ff888a0b000 	C:\WINDOWS\System32\WS2_32.dll
0x00007ff884eb0000 - 0x00007ff884ec2000 	C:\WINDOWS\SYSTEM32\kernel.appcore.dll
0x00007ff87c640000 - 0x00007ff87c650000 	C:\Program Files\Java\jdk1.8.0_271\jre\bin\verify.dll
0x00007ff875b20000 - 0x00007ff875b4b000 	C:\Program Files\Java\jdk1.8.0_271\jre\bin\java.dll
0x00007ff879e00000 - 0x00007ff879e18000 	C:\Program Files\Java\jdk1.8.0_271\jre\bin\zip.dll
0x00007ff8813e0000 - 0x00007ff8815c4000 	C:\WINDOWS\SYSTEM32\dbghelp.dll
0x00007ff886d20000 - 0x00007ff886da0000 	C:\WINDOWS\System32\bcryptPrimitives.dll

VM Arguments:
jvm_args: -Xmx64m -Xms64m -Dorg.gradle.appname=gradlew 
java_command: org.gradle.wrapper.GradleWrapperMain app:installDebug -PreactNativeDevServerPort=8081
java_class_path (initial): C:\Users\Camilo\Downloads\react_native_gen1_3_11_20-master\Clase9\android\\gradle\wrapper\gradle-wrapper.jar
Launcher Type: SUN_STANDARD

Environment Variables:
JAVA_HOME=C:\Program Files\Java\jdk1.8.0_271
CLASSPATH=C:\Users\Camilo\Downloads\react_native_gen1_3_11_20-master\Clase9\android\\gradle\wrapper\gradle-wrapper.jar
USERNAME=Camilo
OS=Windows_NT
PROCESSOR_IDENTIFIER=Intel64 Family 6 Model 142 Stepping 10, GenuineIntel



---------------  S Y S T E M  ---------------

OS: Windows 10.0 , 64 bit Build 19041 (10.0.19041.804)

CPU:total 8 (initial active 8) (4 cores per cpu, 2 threads per core) family 6 model 142 stepping 10, cmov, cx8, fxsr, mmx, sse, sse2, sse3, ssse3, sse4.1, sse4.2, popcnt, avx, avx2, aes, clmul, erms, 3dnowpref, lzcnt, ht, tsc, tscinvbit, bmi1, bmi2, adx

Memory: 4k page, physical 4046952k(137968k free), swap 16629864k(3088k free)

vm_info: Java HotSpot(TM) 64-Bit Server VM (25.271-b09) for windows-amd64 JRE (1.8.0_271-b09), built on Sep 16 2020 19:14:59 by "" with MS VC++ 15.9 (VS2017)

time: Thu Mar 25 13:36:57 2021
timezone: Hora verano Sudamérica Pacífico
elapsed time: 0.069086 seconds (0d 0h 0m 0s)

